<?xml version="1.0" encoding="UTF-8"?>
<!-- Generated by org.testng.reporters.JUnitXMLReporter -->
<testsuite hostname="DESKTOP-KJM0K5Q" ignored="0" name="Group 4" tests="3" failures="2" timestamp="2023-01-30T23:04:17 ICT" time="57.757" errors="0">
  <testcase name="testOrderStandardComputer" time="34.907" classname="test.order.TestOrderStandardComputer">
    <failure type="org.openqa.selenium.ElementClickInterceptedException" message="element click intercepted: Element &amp;lt;input type=&amp;quot;button&amp;quot; class=&amp;quot;button-1 payment-method-next-step-button&amp;quot; onclick=&amp;quot;PaymentMethod.save()&amp;quot; value=&amp;quot;Continue&amp;quot;&amp;gt; is not clickable at point (369, 684). Other element would receive the click: &amp;lt;a href=&amp;quot;#&amp;quot; onclick=&amp;quot;Checkout.back(); return false;&amp;quot;&amp;gt;...&amp;lt;/a&amp;gt;
  (Session info: chrome=109.0.5414.120)
Build info: version: &amp;apos;4.7.2&amp;apos;, revision: &amp;apos;4d4020c3b7&amp;apos;
System info: os.name: &amp;apos;Windows 11&amp;apos;, os.arch: &amp;apos;amd64&amp;apos;, os.version: &amp;apos;10.0&amp;apos;, java.version: &amp;apos;1.8.0_351&amp;apos;
Driver info: org.openqa.selenium.remote.RemoteWebDriver
Command: [122e4d2fae43461b1f0ca254c8068cd1, clickElement {id=eb85ce64-99db-4c79-8c1b-9eeb5b90e015}]
Capabilities {acceptInsecureCerts: false, browserName: chrome, browserVersion: 109.0.5414.120, chrome: {chromedriverVersion: 109.0.5414.74 (e7c5703604da..., userDataDir: C:\Users\Dell\AppData\Local...}, goog:chromeOptions: {debuggerAddress: localhost:52587}, networkConnectionEnabled: false, pageLoadStrategy: normal, platformName: WINDOWS, proxy: Proxy(), se:bidiEnabled: false, se:cdp: ws://192.168.1.18:4444/sess..., se:cdpVersion: 109.0.5414.120, setWindowRect: true, strictFileInteractability: false, timeouts: {implicit: 0, pageLoad: 300000, script: 30000}, unhandledPromptBehavior: dismiss and notify, webauthn:extension:credBlob: true, webauthn:extension:largeBlob: true, webauthn:virtualAuthenticators: true}
Element: [[[[[[[[RemoteWebDriver: chrome on WINDOWS (122e4d2fae43461b1f0ca254c8068cd1)] -&amp;gt; tag name: html]] -&amp;gt; css selector: .checkout-data]] -&amp;gt; css selector: #opc-payment_method]] -&amp;gt; css selector: input[value=&amp;quot;Continue&amp;quot;]]
Session ID: 122e4d2fae43461b1f0ca254c8068cd1">
      <![CDATA[org.openqa.selenium.ElementClickInterceptedException: element click intercepted: Element <input type="button" class="button-1 payment-method-next-step-button" onclick="PaymentMethod.save()" value="Continue"> is not clickable at point (369, 684). Other element would receive the click: <a href="#" onclick="Checkout.back(); return false;">...</a>
  (Session info: chrome=109.0.5414.120)
Build info: version: '4.7.2', revision: '4d4020c3b7'
System info: os.name: 'Windows 11', os.arch: 'amd64', os.version: '10.0', java.version: '1.8.0_351'
Driver info: org.openqa.selenium.remote.RemoteWebDriver
Command: [122e4d2fae43461b1f0ca254c8068cd1, clickElement {id=eb85ce64-99db-4c79-8c1b-9eeb5b90e015}]
Capabilities {acceptInsecureCerts: false, browserName: chrome, browserVersion: 109.0.5414.120, chrome: {chromedriverVersion: 109.0.5414.74 (e7c5703604da..., userDataDir: C:\Users\Dell\AppData\Local...}, goog:chromeOptions: {debuggerAddress: localhost:52587}, networkConnectionEnabled: false, pageLoadStrategy: normal, platformName: WINDOWS, proxy: Proxy(), se:bidiEnabled: false, se:cdp: ws://192.168.1.18:4444/sess..., se:cdpVersion: 109.0.5414.120, setWindowRect: true, strictFileInteractability: false, timeouts: {implicit: 0, pageLoad: 300000, script: 30000}, unhandledPromptBehavior: dismiss and notify, webauthn:extension:credBlob: true, webauthn:extension:largeBlob: true, webauthn:virtualAuthenticators: true}
Element: [[[[[[[[RemoteWebDriver: chrome on WINDOWS (122e4d2fae43461b1f0ca254c8068cd1)] -> tag name: html]] -> css selector: .checkout-data]] -> css selector: #opc-payment_method]] -> css selector: input[value="Continue"]]
Session ID: 122e4d2fae43461b1f0ca254c8068cd1
at org.openqa.selenium.remote.codec.w3c.W3CHttpResponseCodec.createException(W3CHttpResponseCodec.java:200)
at org.openqa.selenium.remote.codec.w3c.W3CHttpResponseCodec.decode(W3CHttpResponseCodec.java:133)
at org.openqa.selenium.remote.codec.w3c.W3CHttpResponseCodec.decode(W3CHttpResponseCodec.java:53)
at org.openqa.selenium.remote.HttpCommandExecutor.execute(HttpCommandExecutor.java:184)
at org.openqa.selenium.remote.TracedCommandExecutor.execute(TracedCommandExecutor.java:51)
at org.openqa.selenium.remote.RemoteWebDriver.execute(RemoteWebDriver.java:535)
at org.openqa.selenium.remote.RemoteWebElement.execute(RemoteWebElement.java:257)
at org.openqa.selenium.remote.RemoteWebElement.click(RemoteWebElement.java:78)
at models.components.checkout.checkout_data.StepCheckoutComponent.clickOnContinueBtn(StepCheckoutComponent.java:15)
at test_flows.order.OrderComputerTestFlow.inputPaymentMethod(OrderComputerTestFlow.java:175)
at test.order.TestOrderStandardComputer.testOrderStandardComputer(TestOrderStandardComputer.java:29)
at java.util.ArrayList.forEach(ArrayList.java:1259)
at java.util.concurrent.FutureTask.run(FutureTask.java:266)
at java.util.concurrent.ThreadPoolExecutor.runWorker(ThreadPoolExecutor.java:1149)
at java.util.concurrent.ThreadPoolExecutor$Worker.run(ThreadPoolExecutor.java:624)
at java.lang.Thread.run(Thread.java:750)
... Removed 22 stack frames]]>
    </failure>
  </testcase> <!-- testOrderStandardComputer -->
  <testcase name="testOrderStandardComputer" time="10.875" classname="test.order.TestOrderStandardComputer">
    <failure type="java.lang.AssertionError" message="expected [true] but found [false]">
      <![CDATA[java.lang.AssertionError: expected [true] but found [false]
at models.components.checkout.checkout_data.payment_info.MoneyOrderComponent.verifyMessage(MoneyOrderComponent.java:21)
at test_flows.order.OrderComputerTestFlow.inputPaymentInfo(OrderComputerTestFlow.java:207)
at test.order.TestOrderStandardComputer.testOrderStandardComputer(TestOrderStandardComputer.java:30)
at java.util.ArrayList.forEach(ArrayList.java:1259)
at java.util.concurrent.FutureTask.run(FutureTask.java:266)
at java.util.concurrent.ThreadPoolExecutor.runWorker(ThreadPoolExecutor.java:1149)
at java.util.concurrent.ThreadPoolExecutor$Worker.run(ThreadPoolExecutor.java:624)
at java.lang.Thread.run(Thread.java:750)
... Removed 22 stack frames]]>
    </failure>
  </testcase> <!-- testOrderStandardComputer -->
  <testcase name="testOrderStandardComputer" time="10.708" classname="test.order.TestOrderStandardComputer"/>
</testsuite> <!-- Group 4 -->
